<?xml version="1.0" encoding="UTF-8"?>
<!-- Generated by org.testng.reporters.JUnitReportReporter -->
<testsuite hostname="ashish" failures="0" tests="1" name="RestTesting.RestTesting.FirstAPI" time="2.552" errors="0" timestamp="2024-06-27T01:14:52 IST" skipped="0">
  <testcase classname="RestTesting.RestTesting.FirstAPI" name="getPetsPendingAPI" time="2.552"/>
</testsuite> <!-- RestTesting.RestTesting.FirstAPI -->
